[04-Feb-2025 04:04:30 Europe/Berlin] Raw data received: {"item_code":"STI012","category":"STI-Uniform","item_name":"STI 401","sizes":"XS","price":1234,"quantity":1234}
[04-Feb-2025 04:04:30 Europe/Berlin] Decoded data: Array
(
    [item_code] => STI012
    [category] => STI-Uniform
    [item_name] => STI 401
    [sizes] => XS
    [price] => 1234
    [quantity] => 1234
)

[04-Feb-2025 04:04:30 Europe/Berlin] Error in add_item.php: Unknown column 'beginning_quantity' in 'field list'
[04-Feb-2025 04:05:13 Europe/Berlin] Raw data received: {"item_code":"STI012","category":"STI-Shirts","item_name":"STI 401","sizes":"M","price":123,"quantity":123}
[04-Feb-2025 04:05:13 Europe/Berlin] Decoded data: Array
(
    [item_code] => STI012
    [category] => STI-Shirts
    [item_name] => STI 401
    [sizes] => M
    [price] => 123
    [quantity] => 123
)

[04-Feb-2025 04:05:13 Europe/Berlin] Error in add_item.php: Unknown column 'beginning_quantity' in 'field list'
[04-Feb-2025 04:07:15 Europe/Berlin] Raw data received: {"item_code":"STI012","category":"STI-Shirts","item_name":"STI 40","sizes":"XS","price":12,"quantity":123}
[04-Feb-2025 04:07:15 Europe/Berlin] Decoded data: Array
(
    [item_code] => STI012
    [category] => STI-Shirts
    [item_name] => STI 40
    [sizes] => XS
    [price] => 12
    [quantity] => 123
)

[04-Feb-2025 05:46:58 Europe/Berlin] Raw data received: {"item_code":"STI012","category":"STI-Uniform","item_name":"STI 401","sizes":"7XL","price":123,"quantity":2}
[04-Feb-2025 05:46:58 Europe/Berlin] Decoded data: Array
(
    [item_code] => STI012
    [category] => STI-Uniform
    [item_name] => STI 401
    [sizes] => 7XL
    [price] => 123
    [quantity] => 2
)

[04-Feb-2025 05:47:58 Europe/Berlin] Raw data received: {"item_code":"AAAA","category":"STI-Uniform","item_name":"AAAA","sizes":"7XL","price":433,"quantity":433}
[04-Feb-2025 05:47:58 Europe/Berlin] Decoded data: Array
(
    [item_code] => AAAA
    [category] => STI-Uniform
    [item_name] => AAAA
    [sizes] => 7XL
    [price] => 433
    [quantity] => 433
)

[04-Feb-2025 05:48:26 Europe/Berlin] Raw data received: {"item_code":"BBBB","category":"STI-Shirts","item_name":"BBBB","sizes":"7XL","price":455,"quantity":0}
[04-Feb-2025 05:48:26 Europe/Berlin] Decoded data: Array
(
    [item_code] => BBBB
    [category] => STI-Shirts
    [item_name] => BBBB
    [sizes] => 7XL
    [price] => 455
    [quantity] => 0
)

[04-Feb-2025 06:34:16 Europe/Berlin] Raw data received: {"item_code":"AAAA","category":"STI-Shirts","item_name":"kanin","sizes":"7XL","price":22,"quantity":231,"actual_quantity":231,"beginning_quantity":231,"new_delivery":0,"damage":0,"status":"In Stock"}
[04-Feb-2025 06:34:16 Europe/Berlin] Decoded data: Array
(
    [item_code] => AAAA
    [category] => STI-Shirts
    [item_name] => kanin
    [sizes] => 7XL
    [price] => 22
    [quantity] => 231
    [actual_quantity] => 231
    [beginning_quantity] => 231
    [new_delivery] => 0
    [damage] => 0
    [status] => In Stock
)

[04-Feb-2025 06:55:44 Europe/Berlin] Raw data received: {"item_code":"cccc","category":"STI-Accessories","item_name":"Kamote","sizes":"One Size","price":100,"quantity":21,"actual_quantity":21,"beginning_quantity":21,"new_delivery":0,"damage":0,"status":"In Stock"}
[04-Feb-2025 06:55:44 Europe/Berlin] Decoded data: Array
(
    [item_code] => cccc
    [category] => STI-Accessories
    [item_name] => Kamote
    [sizes] => One Size
    [price] => 100
    [quantity] => 21
    [actual_quantity] => 21
    [beginning_quantity] => 21
    [new_delivery] => 0
    [damage] => 0
    [status] => In Stock
)

[04-Feb-2025 07:16:18 Europe/Berlin] Raw data received: {"item_code":"SHS palda","category":"SHS-Shirts","item_name":"palda","sizes":"XL","price":200,"quantity":32,"actual_quantity":32,"beginning_quantity":32,"new_delivery":0,"damage":0,"status":"In Stock"}
[04-Feb-2025 07:16:18 Europe/Berlin] Decoded data: Array
(
    [item_code] => SHS palda
    [category] => SHS-Shirts
    [item_name] => palda
    [sizes] => XL
    [price] => 200
    [quantity] => 32
    [actual_quantity] => 32
    [beginning_quantity] => 32
    [new_delivery] => 0
    [damage] => 0
    [status] => In Stock
)

[04-Feb-2025 07:18:47 Europe/Berlin] Raw data received: {"item_code":"paldo","category":"SHS-Shirts","item_name":"damit","sizes":"3XL","price":2313,"quantity":2222,"actual_quantity":2222,"beginning_quantity":2222,"new_delivery":0,"damage":0,"status":"In Stock"}
[04-Feb-2025 07:18:47 Europe/Berlin] Decoded data: Array
(
    [item_code] => paldo
    [category] => SHS-Shirts
    [item_name] => damit
    [sizes] => 3XL
    [price] => 2313
    [quantity] => 2222
    [actual_quantity] => 2222
    [beginning_quantity] => 2222
    [new_delivery] => 0
    [damage] => 0
    [status] => In Stock
)

[04-Feb-2025 07:20:46 Europe/Berlin] Raw data received: {"item_code":"qwert","category":"STI-Accessories","item_name":"saging","sizes":"One Size","price":231,"quantity":333,"actual_quantity":333,"beginning_quantity":333,"new_delivery":0,"damage":0,"status":"In Stock"}
[04-Feb-2025 07:20:46 Europe/Berlin] Decoded data: Array
(
    [item_code] => qwert
    [category] => STI-Accessories
    [item_name] => saging
    [sizes] => One Size
    [price] => 231
    [quantity] => 333
    [actual_quantity] => 333
    [beginning_quantity] => 333
    [new_delivery] => 0
    [damage] => 0
    [status] => In Stock
)

[04-Feb-2025 07:25:27 Europe/Berlin] Raw data received: {"item_code":"UPES001","category":"Tertiary-Uniform","item_name":"BSTM UNIFORM","sizes":"L","price":2500,"quantity":100,"actual_quantity":100,"beginning_quantity":100,"new_delivery":0,"damage":0,"status":"In Stock"}
[04-Feb-2025 07:25:27 Europe/Berlin] Decoded data: Array
(
    [item_code] => UPES001
    [category] => Tertiary-Uniform
    [item_name] => BSTM UNIFORM
    [sizes] => L
    [price] => 2500
    [quantity] => 100
    [actual_quantity] => 100
    [beginning_quantity] => 100
    [new_delivery] => 0
    [damage] => 0
    [status] => In Stock
)

[04-Feb-2025 07:31:14 Europe/Berlin] Raw data received: {"item_code":"TESTING","category":"STI-Accessories","item_name":"LABUTO","sizes":"One Size","price":300,"quantity":10,"actual_quantity":10,"beginning_quantity":10,"new_delivery":0,"damage":0,"status":"In Stock"}
[04-Feb-2025 07:31:14 Europe/Berlin] Decoded data: Array
(
    [item_code] => TESTING
    [category] => STI-Accessories
    [item_name] => LABUTO
    [sizes] => One Size
    [price] => 300
    [quantity] => 10
    [actual_quantity] => 10
    [beginning_quantity] => 10
    [new_delivery] => 0
    [damage] => 0
    [status] => In Stock
)

[04-Feb-2025 07:37:30 Europe/Berlin] Raw data received: {"item_code":"STI001","category":"STI-Shirts","item_name":"STI shirt","sizes":"7XL","price":500,"quantity":0,"actual_quantity":0,"beginning_quantity":0,"new_delivery":0,"damage":0,"status":"In Stock"}
[04-Feb-2025 07:37:30 Europe/Berlin] Decoded data: Array
(
    [item_code] => STI001
    [category] => STI-Shirts
    [item_name] => STI shirt
    [sizes] => 7XL
    [price] => 500
    [quantity] => 0
    [actual_quantity] => 0
    [beginning_quantity] => 0
    [new_delivery] => 0
    [damage] => 0
    [status] => In Stock
)

